<?xml version="1.0" encoding="UTF-8"?>
<!-- Generated by org.testng.reporters.JUnitReportReporter -->
<testsuite hostname="KEYA-ALEMU-GEMECHU" failures="0" tests="1" name="calculator.CalculatorTest" time="0.006" errors="0" timestamp="2020-04-02T21:50:42 EDT" skipped="0">
  <testcase classname="calculator.CalculatorTest" name="sumTest" time="0.006"/>
  <system-out/>
</testsuite> <!-- calculator.CalculatorTest -->
