<?xml version="1.0" encoding="UTF-8"?>
<!-- Generated by org.testng.reporters.JUnitReportReporter -->
<testsuite hostname="KEYA-ALEMU-GEMECHU" failures="0" tests="9" name="calculator.CalculatorTest" time="0.012" errors="0" timestamp="2020-04-02T21:54:52 EDT" skipped="0">
  <testcase classname="calculator.CalculatorTest" name="teddyTest" time="0.000"/>
  <system-out/>
  <testcase classname="calculator.CalculatorTest" name="azebTest" time="0.001"/>
  <system-out/>
  <testcase classname="calculator.CalculatorTest" name="eyerusalemTest" time="0.001"/>
  <system-out/>
  <testcase classname="calculator.CalculatorTest" name="keyaTest" time="0.000"/>
  <system-out/>
  <testcase classname="calculator.CalculatorTest" name="meronTest" time="0.000"/>
  <system-out/>
  <testcase classname="calculator.CalculatorTest" name="anduAlemTest" time="0.007"/>
  <system-out/>
  <testcase classname="calculator.CalculatorTest" name="mahaletTest" time="0.001"/>
  <system-out/>
  <testcase classname="calculator.CalculatorTest" name="sumTest" time="0.001"/>
  <system-out/>
  <testcase classname="calculator.CalculatorTest" name="mackTest" time="0.001"/>
  <system-out/>
</testsuite> <!-- calculator.CalculatorTest -->
